{
  "RSpec": {
    "coverage": {
      "/Users/rlechich/rails_projects/multi-spectral/config/environment.rb": [
        null,
        1,
        null,
        null,
        1
      ],
      "/Users/rlechich/rails_projects/multi-spectral/config/application.rb": [
        1,
        null,
        1,
        null,
        null,
        null,
        1,
        null,
        1,
        1,
        null,
        null,
        null,
        null,
        null,
        null,
        null,
        null,
        null,
        null,
        null,
        null,
        null
      ],
      "/Users/rlechich/rails_projects/multi-spectral/config/boot.rb": [
        null,
        1,
        null,
        1
      ],
      "/Users/rlechich/rails_projects/multi-spectral/config/environments/test.rb": [
        1,
        null,
        null,
        null,
        null,
        null,
        null,
        1,
        null,
        null,
        null,
        null,
        1,
        null,
        null,
        null,
        1,
        1,
        null,
        null,
        1,
        1,
        null,
        null,
        1,
        null,
        null,
        1,
        null,
        null,
        null,
        null,
        1,
        null,
        null,
        1,
        null,
        null,
        null,
        null
      ],
      "/Users/rlechich/rails_projects/multi-spectral/config/initializers/assets.rb": [
        null,
        null,
        null,
        1,
        null,
        null,
        null,
        null
      ],
      "/Users/rlechich/rails_projects/multi-spectral/config/initializers/backtrace_silencers.rb": [
        null,
        null,
        null,
        null,
        null,
        null,
        null
      ],
      "/Users/rlechich/rails_projects/multi-spectral/config/initializers/cookies_serializer.rb": [
        null,
        null,
        1
      ],
      "/Users/rlechich/rails_projects/multi-spectral/config/initializers/devise.rb": [
        null,
        null,
        1,
        null,
        null,
        null,
        null,
        null,
        null,
        null,
        null,
        null,
        1,
        null,
        null,
        null,
        null,
        null,
        null,
        null,
        null,
        1,
        1,
        null,
        null,
        null,
        null,
        null,
        null,
        null,
        null,
        null,
        null,
        null,
        null,
        null,
        null,
        null,
        null,
        null,
        null,
        null,
        null,
        null,
        1,
        null,
        null,
        null,
        null,
        1,
        null,
        null,
        null,
        null,
        null,
        null,
        null,
        null,
        null,
        null,
        null,
        null,
        null,
        null,
        null,
        null,
        null,
        null,
        null,
        null,
        null,
        null,
        null,
        null,
        null,
        null,
        null,
        null,
        null,
        null,
        1,
        null,
        null,
        null,
        null,
        null,
        null,
        null,
        null,
        null,
        null,
        null,
        null,
        null,
        null,
        null,
        null,
        1,
        null,
        null,
        null,
        null,
        null,
        null,
        null,
        null,
        null,
        null,
        null,
        null,
        null,
        null,
        null,
        null,
        null,
        null,
        null,
        null,
        null,
        null,
        null,
        null,
        1,
        null,
        null,
        null,
        null,
        null,
        null,
        null,
        null,
        null,
        1,
        null,
        null,
        null,
        null,
        null,
        null,
        null,
        null,
        null,
        null,
        1,
        null,
        null,
        null,
        null,
        null,
        null,
        null,
        null,
        null,
        null,
        null,
        null,
        null,
        null,
        null,
        null,
        null,
        null,
        null,
        null,
        null,
        null,
        null,
        null,
        null,
        null,
        null,
        null,
        null,
        null,
        null,
        null,
        null,
        null,
        null,
        null,
        null,
        null,
        null,
        null,
        null,
        null,
        null,
        null,
        null,
        null,
        null,
        null,
        1,
        null,
        null,
        null,
        null,
        null,
        null,
        null,
        null,
        null,
        null,
        null,
        null,
        null,
        null,
        null,
        null,
        null,
        null,
        null,
        null,
        null,
        null,
        null,
        null,
        null,
        null,
        null,
        null,
        null,
        null,
        null,
        null,
        null,
        null,
        null,
        null,
        null,
        1,
        null,
        null,
        null,
        null,
        null,
        1,
        null,
        null,
        null,
        null,
        null,
        null,
        null,
        null,
        null,
        null,
        null,
        null,
        null,
        null,
        null,
        null,
        null,
        null,
        null,
        null,
        null,
        null,
        null,
        null,
        null,
        null,
        null,
        null
      ],
      "/Users/rlechich/rails_projects/multi-spectral/config/initializers/filter_parameter_logging.rb": [
        null,
        null,
        null,
        1
      ],
      "/Users/rlechich/rails_projects/multi-spectral/config/initializers/inflections.rb": [
        null,
        null,
        null,
        null,
        null,
        null,
        null,
        null,
        null,
        null,
        null,
        null,
        null,
        null,
        null,
        null
      ],
      "/Users/rlechich/rails_projects/multi-spectral/config/initializers/mime_types.rb": [
        null,
        null,
        null,
        null
      ],
      "/Users/rlechich/rails_projects/multi-spectral/config/initializers/session_store.rb": [
        null,
        null,
        1
      ],
      "/Users/rlechich/rails_projects/multi-spectral/config/initializers/wrap_parameters.rb": [
        null,
        null,
        null,
        null,
        null,
        null,
        1,
        1,
        null,
        null,
        null,
        null,
        null,
        null
      ],
      "/Users/rlechich/rails_projects/multi-spectral/config/routes.rb": [
        1,
        null,
        1,
        null,
        1,
        1,
        null,
        null,
        null,
        1,
        1,
        1,
        1,
        null,
        1,
        null,
        null,
        null,
        null,
        null,
        null,
        null,
        null,
        null,
        null,
        null,
        null,
        null,
        null,
        null,
        null,
        null,
        null,
        null,
        null,
        null,
        null,
        null,
        null,
        null,
        null,
        null,
        null,
        null,
        null,
        null,
        null,
        null,
        null,
        null,
        null,
        null,
        null,
        null,
        null,
        null,
        null,
        null,
        null,
        null,
        null,
        null,
        null,
        null,
        null,
        null,
        null,
        null,
        null,
        null,
        null,
        null,
        null
      ],
      "/Users/rlechich/rails_projects/multi-spectral/app/models/user.rb": [
        1,
        null,
        null,
        1,
        null,
        1,
        null,
        null,
        1,
        null
      ],
      "/Users/rlechich/rails_projects/multi-spectral/app/helpers/application_helper.rb": [
        1,
        null
      ],
      "/Users/rlechich/rails_projects/multi-spectral/app/helpers/upload_helper.rb": [
        1,
        null
      ],
      "/Users/rlechich/rails_projects/multi-spectral/app/controllers/upload_controller.rb": [
        1,
        1,
        null,
        1,
        1,
        0,
        null,
        null,
        1,
        null,
        4,
        4,
        null,
        0,
        null,
        4,
        4,
        null,
        4,
        null,
        null,
        null,
        null,
        null,
        null
      ],
      "/Users/rlechich/rails_projects/multi-spectral/app/logic/Hyper3dJson.rb": [
        1,
        1,
        null,
        null,
        1,
        null,
        null,
        4,
        null,
        4,
        4,
        4,
        4,
        4,
        4,
        4,
        4,
        4,
        4,
        4,
        4,
        4,
        4,
        4,
        null,
        null,
        4,
        4,
        4,
        32,
        32,
        null,
        null,
        32,
        32,
        null,
        4,
        null,
        null,
        4,
        4,
        4,
        4,
        4,
        null,
        null,
        4,
        4,
        null,
        4,
        4,
        12,
        12,
        12,
        12,
        12,
        12,
        12,
        null,
        4,
        null,
        null,
        4,
        null,
        null,
        null
      ],
      "/Users/rlechich/rails_projects/multi-spectral/app/controllers/application_controller.rb": [
        1,
        null,
        null,
        null,
        null,
        null
      ],
      "/Users/rlechich/rails_projects/multi-spectral/app/models/multispectral_sample.rb": [
        1,
        1,
        1,
        1,
        null,
        1,
        1,
        1,
        null,
        1,
        null,
        null,
        null,
        null,
        null,
        null,
        null,
        null,
        null,
        null,
        null,
        null,
        null,
        null,
        null,
        null,
        null,
        null,
        null
      ],
      "/Users/rlechich/rails_projects/multi-spectral/app/models/multispectral_value.rb": [
        1,
        1,
        null,
        1,
        null,
        null,
        null
      ],
      "/Users/rlechich/rails_projects/multi-spectral/app/models/multispectral_tag.rb": [
        1,
        1,
        null,
        1,
        null,
        null,
        null,
        null
      ],
      "/Users/rlechich/rails_projects/multi-spectral/app/models/multispectral_barchart.rb": [
        1,
        1,
        null,
        1,
        null,
        null,
        null
      ]
    },
    "timestamp": 1428440550
  }
}
