{
  "RSpec": {
    "coverage": {
      "/Users/rlechich/rails_projects/multi-spectral/config/environment.rb": [
        null,
        1,
        null,
        null,
        1
      ],
      "/Users/rlechich/rails_projects/multi-spectral/config/application.rb": [
        1,
        null,
        1,
        null,
        null,
        null,
        1,
        null,
        1,
        1,
        null,
        null,
        null,
        null,
        null,
        null,
        null,
        null,
        null,
        null,
        null,
        null,
        null
      ],
      "/Users/rlechich/rails_projects/multi-spectral/config/boot.rb": [
        null,
        1,
        null,
        1
      ],
      "/Users/rlechich/rails_projects/multi-spectral/config/environments/test.rb": [
        1,
        null,
        null,
        null,
        null,
        null,
        null,
        1,
        null,
        null,
        null,
        null,
        1,
        null,
        null,
        null,
        1,
        1,
        null,
        null,
        1,
        1,
        null,
        null,
        1,
        null,
        null,
        1,
        null,
        null,
        null,
        null,
        1,
        null,
        null,
        1,
        null,
        null,
        null,
        null
      ],
      "/Users/rlechich/rails_projects/multi-spectral/config/initializers/assets.rb": [
        null,
        null,
        null,
        1,
        null,
        null,
        null,
        null
      ],
      "/Users/rlechich/rails_projects/multi-spectral/config/initializers/backtrace_silencers.rb": [
        null,
        null,
        null,
        null,
        null,
        null,
        null
      ],
      "/Users/rlechich/rails_projects/multi-spectral/config/initializers/cookies_serializer.rb": [
        null,
        null,
        1
      ],
      "/Users/rlechich/rails_projects/multi-spectral/config/initializers/filter_parameter_logging.rb": [
        null,
        null,
        null,
        1
      ],
      "/Users/rlechich/rails_projects/multi-spectral/config/initializers/inflections.rb": [
        null,
        null,
        null,
        null,
        null,
        null,
        null,
        null,
        null,
        null,
        null,
        null,
        null,
        null,
        null,
        null
      ],
      "/Users/rlechich/rails_projects/multi-spectral/config/initializers/mime_types.rb": [
        null,
        null,
        null,
        null
      ],
      "/Users/rlechich/rails_projects/multi-spectral/config/initializers/session_store.rb": [
        null,
        null,
        1
      ],
      "/Users/rlechich/rails_projects/multi-spectral/config/initializers/wrap_parameters.rb": [
        null,
        null,
        null,
        null,
        null,
        null,
        1,
        1,
        null,
        null,
        null,
        null,
        null,
        null
      ],
      "/Users/rlechich/rails_projects/multi-spectral/config/routes.rb": [
        1,
        null,
        1,
        1,
        1,
        1,
        1,
        1,
        null,
        null,
        1,
        1,
        1,
        null,
        null,
        null,
        null,
        null,
        null,
        null,
        null,
        null,
        null,
        null,
        null,
        null,
        null,
        null,
        null,
        null,
        null,
        null,
        null,
        null,
        null,
        null,
        null,
        null,
        null,
        null,
        null,
        null,
        null,
        null,
        null,
        null,
        null,
        null,
        null,
        null,
        null,
        null,
        null,
        null,
        null,
        null,
        null,
        null,
        null,
        null,
        null,
        null,
        null,
        null,
        null,
        null,
        null,
        null,
        null,
        null,
        null,
        null,
        null,
        null,
        null,
        null,
        null,
        null,
        null
      ],
      "/Users/rlechich/rails_projects/multi-spectral/app/helpers/activities_helper.rb": [
        1,
        null
      ],
      "/Users/rlechich/rails_projects/multi-spectral/app/helpers/application_helper.rb": [
        1,
        null
      ],
      "/Users/rlechich/rails_projects/multi-spectral/app/helpers/multi_spec_bar_charts_helper.rb": [
        1,
        null
      ],
      "/Users/rlechich/rails_projects/multi-spectral/app/helpers/multi_spec_samples_helper.rb": [
        1,
        null
      ],
      "/Users/rlechich/rails_projects/multi-spectral/app/helpers/multi_spec_tags_helper.rb": [
        1,
        null
      ],
      "/Users/rlechich/rails_projects/multi-spectral/app/helpers/multi_spec_values_helper.rb": [
        1,
        null
      ],
      "/Users/rlechich/rails_projects/multi-spectral/app/helpers/multi_spectral_profiles_helper.rb": [
        1,
        null
      ],
      "/Users/rlechich/rails_projects/multi-spectral/app/helpers/multispec_helper.rb": [
        1,
        null
      ],
      "/Users/rlechich/rails_projects/multi-spectral/app/controllers/multi_spec_samples_controller.rb": [
        1,
        1,
        null,
        null,
        null,
        1,
        0,
        null,
        null,
        null,
        null,
        1,
        null,
        null,
        null,
        1,
        0,
        null,
        null,
        null,
        1,
        null,
        null,
        1,
        null,
        null,
        1,
        0,
        null,
        null,
        null,
        null,
        1,
        0,
        null,
        0,
        0,
        0,
        0,
        null,
        0,
        0,
        null,
        null,
        null,
        null,
        null,
        null,
        1,
        0,
        0,
        0,
        0,
        null,
        0,
        0,
        null,
        null,
        null,
        null,
        null,
        null,
        1,
        0,
        0,
        0,
        0,
        null,
        null,
        null,
        1,
        null,
        4,
        4,
        4,
        4,
        4,
        null,
        4,
        null,
        4,
        4,
        4,
        4,
        4,
        4,
        null,
        null,
        null,
        4,
        4,
        4,
        4,
        null,
        4,
        null,
        4,
        null,
        null,
        null,
        null,
        4,
        32,
        null,
        null,
        null,
        null,
        null,
        null,
        null,
        null,
        null,
        null,
        4,
        null,
        4,
        12,
        12,
        null,
        null,
        null,
        null,
        null,
        null,
        null,
        null,
        null,
        4,
        8,
        null,
        null,
        null,
        1,
        null,
        1,
        0,
        null,
        null,
        null,
        1,
        0,
        null,
        null,
        1,
        null,
        null,
        null,
        null,
        null,
        4,
        4,
        null,
        null
      ],
      "/Users/rlechich/rails_projects/multi-spectral/app/controllers/application_controller.rb": [
        1,
        null,
        null,
        null,
        null
      ],
      "/Users/rlechich/rails_projects/multi-spectral/app/models/multi_spec_sample.rb": [
        1,
        null,
        1,
        1,
        1,
        null,
        1,
        null,
        null,
        1,
        null,
        null,
        null,
        null,
        null,
        null,
        null,
        null,
        null,
        null,
        null,
        null,
        null,
        null,
        1,
        0,
        0,
        0,
        0,
        0,
        0,
        0,
        0,
        0,
        0,
        0,
        0,
        0,
        0,
        null,
        null,
        0,
        null,
        null,
        null,
        null,
        0,
        0,
        null,
        null,
        null,
        null,
        null,
        null,
        null,
        null,
        null,
        null,
        0,
        null,
        0,
        0,
        0,
        null,
        null,
        null,
        null,
        null,
        null,
        null,
        1,
        null,
        null,
        null,
        null,
        null,
        0,
        0,
        null,
        null,
        null
      ],
      "/Users/rlechich/rails_projects/multi-spectral/app/models/multi_spec_bar_chart.rb": [
        1,
        1,
        1,
        null,
        null,
        null,
        null
      ],
      "/Users/rlechich/rails_projects/multi-spectral/app/models/multi_spec_value.rb": [
        1,
        1,
        null,
        1,
        null,
        null,
        null,
        null,
        null,
        null,
        null,
        null
      ],
      "/Users/rlechich/rails_projects/multi-spectral/app/models/multi_spec_tag.rb": [
        1,
        1,
        1,
        null,
        null,
        null
      ]
    },
    "timestamp": 1427380743
  }
}
